2015-01-09 15:58:11 - PHP Notice:  unserialize() [<a href='function.unserialize'>function.unserialize</a>]: Error at offset 0 of 1 bytes in D:\wamp\www\+2014\theme504\system\library\cart.php on line 23
2015-01-13 13:01:14 - PHP Warning:  mysqli::query() [<a href='mysqli.query'>mysqli.query</a>]: (21000/1242): Subquery returns more than 1 row in D:\wamp\www\+2014\theme504\system\library\db\mysqli.php on line 18
2015-01-13 13:01:14 - PHP Notice:  Error: Subquery returns more than 1 row<br />Error No: 1242<br />SELECT DISTINCT *, (SELECT GROUP_CONCAT(cd1.name ORDER BY level SEPARATOR '&nbsp;&nbsp;&gt;&nbsp;&nbsp;') FROM oc_category_path cp LEFT JOIN oc_category_description cd1 ON (cp.path_id = cd1.category_id AND cp.category_id != cp.path_id) WHERE cp.category_id = c.category_id AND cd1.language_id = '1' GROUP BY cp.category_id) AS path, (SELECT DISTINCT keyword FROM oc_url_alias WHERE query = 'category_id=37') AS keyword FROM oc_category c LEFT JOIN oc_category_description cd2 ON (c.category_id = cd2.category_id) WHERE c.category_id = '37' AND cd2.language_id = '1' in D:\wamp\www\+2014\theme504\system\library\db\mysqli.php on line 40
2015-01-13 13:01:14 - PHP Notice:  Trying to get property of non-object in D:\wamp\www\+2014\theme504\admin\model\catalog\category.php on line 213
2015-01-13 13:01:17 - PHP Warning:  mysqli::query() [<a href='mysqli.query'>mysqli.query</a>]: (21000/1242): Subquery returns more than 1 row in D:\wamp\www\+2014\theme504\system\library\db\mysqli.php on line 18
2015-01-13 13:01:17 - PHP Notice:  Error: Subquery returns more than 1 row<br />Error No: 1242<br />SELECT DISTINCT *, (SELECT GROUP_CONCAT(cd1.name ORDER BY level SEPARATOR '&nbsp;&nbsp;&gt;&nbsp;&nbsp;') FROM oc_category_path cp LEFT JOIN oc_category_description cd1 ON (cp.path_id = cd1.category_id AND cp.category_id != cp.path_id) WHERE cp.category_id = c.category_id AND cd1.language_id = '1' GROUP BY cp.category_id) AS path, (SELECT DISTINCT keyword FROM oc_url_alias WHERE query = 'category_id=38') AS keyword FROM oc_category c LEFT JOIN oc_category_description cd2 ON (c.category_id = cd2.category_id) WHERE c.category_id = '38' AND cd2.language_id = '1' in D:\wamp\www\+2014\theme504\system\library\db\mysqli.php on line 40
2015-01-13 13:01:17 - PHP Notice:  Trying to get property of non-object in D:\wamp\www\+2014\theme504\admin\model\catalog\category.php on line 213
2015-01-13 13:01:22 - PHP Warning:  mysqli::query() [<a href='mysqli.query'>mysqli.query</a>]: (21000/1242): Subquery returns more than 1 row in D:\wamp\www\+2014\theme504\system\library\db\mysqli.php on line 18
2015-01-13 13:01:22 - PHP Notice:  Error: Subquery returns more than 1 row<br />Error No: 1242<br />SELECT DISTINCT *, (SELECT GROUP_CONCAT(cd1.name ORDER BY level SEPARATOR '&nbsp;&nbsp;&gt;&nbsp;&nbsp;') FROM oc_category_path cp LEFT JOIN oc_category_description cd1 ON (cp.path_id = cd1.category_id AND cp.category_id != cp.path_id) WHERE cp.category_id = c.category_id AND cd1.language_id = '1' GROUP BY cp.category_id) AS path, (SELECT DISTINCT keyword FROM oc_url_alias WHERE query = 'category_id=39') AS keyword FROM oc_category c LEFT JOIN oc_category_description cd2 ON (c.category_id = cd2.category_id) WHERE c.category_id = '39' AND cd2.language_id = '1' in D:\wamp\www\+2014\theme504\system\library\db\mysqli.php on line 40
2015-01-13 13:01:22 - PHP Notice:  Trying to get property of non-object in D:\wamp\www\+2014\theme504\admin\model\catalog\category.php on line 213
2015-01-13 13:01:27 - PHP Warning:  mysqli::query() [<a href='mysqli.query'>mysqli.query</a>]: (21000/1242): Subquery returns more than 1 row in D:\wamp\www\+2014\theme504\system\library\db\mysqli.php on line 18
2015-01-13 13:01:27 - PHP Notice:  Error: Subquery returns more than 1 row<br />Error No: 1242<br />SELECT DISTINCT *, (SELECT GROUP_CONCAT(cd1.name ORDER BY level SEPARATOR '&nbsp;&nbsp;&gt;&nbsp;&nbsp;') FROM oc_category_path cp LEFT JOIN oc_category_description cd1 ON (cp.path_id = cd1.category_id AND cp.category_id != cp.path_id) WHERE cp.category_id = c.category_id AND cd1.language_id = '1' GROUP BY cp.category_id) AS path, (SELECT DISTINCT keyword FROM oc_url_alias WHERE query = 'category_id=40') AS keyword FROM oc_category c LEFT JOIN oc_category_description cd2 ON (c.category_id = cd2.category_id) WHERE c.category_id = '40' AND cd2.language_id = '1' in D:\wamp\www\+2014\theme504\system\library\db\mysqli.php on line 40
2015-01-13 13:01:27 - PHP Notice:  Trying to get property of non-object in D:\wamp\www\+2014\theme504\admin\model\catalog\category.php on line 213
2015-01-13 13:01:31 - PHP Warning:  mysqli::query() [<a href='mysqli.query'>mysqli.query</a>]: (21000/1242): Subquery returns more than 1 row in D:\wamp\www\+2014\theme504\system\library\db\mysqli.php on line 18
2015-01-13 13:01:31 - PHP Notice:  Error: Subquery returns more than 1 row<br />Error No: 1242<br />SELECT DISTINCT *, (SELECT GROUP_CONCAT(cd1.name ORDER BY level SEPARATOR '&nbsp;&nbsp;&gt;&nbsp;&nbsp;') FROM oc_category_path cp LEFT JOIN oc_category_description cd1 ON (cp.path_id = cd1.category_id AND cp.category_id != cp.path_id) WHERE cp.category_id = c.category_id AND cd1.language_id = '1' GROUP BY cp.category_id) AS path, (SELECT DISTINCT keyword FROM oc_url_alias WHERE query = 'category_id=41') AS keyword FROM oc_category c LEFT JOIN oc_category_description cd2 ON (c.category_id = cd2.category_id) WHERE c.category_id = '41' AND cd2.language_id = '1' in D:\wamp\www\+2014\theme504\system\library\db\mysqli.php on line 40
2015-01-13 13:01:31 - PHP Notice:  Trying to get property of non-object in D:\wamp\www\+2014\theme504\admin\model\catalog\category.php on line 213
2015-01-13 13:01:35 - PHP Warning:  mysqli::query() [<a href='mysqli.query'>mysqli.query</a>]: (21000/1242): Subquery returns more than 1 row in D:\wamp\www\+2014\theme504\system\library\db\mysqli.php on line 18
2015-01-13 13:01:35 - PHP Notice:  Error: Subquery returns more than 1 row<br />Error No: 1242<br />SELECT DISTINCT *, (SELECT GROUP_CONCAT(cd1.name ORDER BY level SEPARATOR '&nbsp;&nbsp;&gt;&nbsp;&nbsp;') FROM oc_category_path cp LEFT JOIN oc_category_description cd1 ON (cp.path_id = cd1.category_id AND cp.category_id != cp.path_id) WHERE cp.category_id = c.category_id AND cd1.language_id = '1' GROUP BY cp.category_id) AS path, (SELECT DISTINCT keyword FROM oc_url_alias WHERE query = 'category_id=42') AS keyword FROM oc_category c LEFT JOIN oc_category_description cd2 ON (c.category_id = cd2.category_id) WHERE c.category_id = '42' AND cd2.language_id = '1' in D:\wamp\www\+2014\theme504\system\library\db\mysqli.php on line 40
2015-01-13 13:01:35 - PHP Notice:  Trying to get property of non-object in D:\wamp\www\+2014\theme504\admin\model\catalog\category.php on line 213
2015-01-13 13:01:38 - PHP Warning:  mysqli::query() [<a href='mysqli.query'>mysqli.query</a>]: (21000/1242): Subquery returns more than 1 row in D:\wamp\www\+2014\theme504\system\library\db\mysqli.php on line 18
2015-01-13 13:01:38 - PHP Notice:  Error: Subquery returns more than 1 row<br />Error No: 1242<br />SELECT DISTINCT *, (SELECT GROUP_CONCAT(cd1.name ORDER BY level SEPARATOR '&nbsp;&nbsp;&gt;&nbsp;&nbsp;') FROM oc_category_path cp LEFT JOIN oc_category_description cd1 ON (cp.path_id = cd1.category_id AND cp.category_id != cp.path_id) WHERE cp.category_id = c.category_id AND cd1.language_id = '1' GROUP BY cp.category_id) AS path, (SELECT DISTINCT keyword FROM oc_url_alias WHERE query = 'category_id=43') AS keyword FROM oc_category c LEFT JOIN oc_category_description cd2 ON (c.category_id = cd2.category_id) WHERE c.category_id = '43' AND cd2.language_id = '1' in D:\wamp\www\+2014\theme504\system\library\db\mysqli.php on line 40
2015-01-13 13:01:38 - PHP Notice:  Trying to get property of non-object in D:\wamp\www\+2014\theme504\admin\model\catalog\category.php on line 213
2016-07-12 15:15:07 - PHP Warning:  ftp_mkdir(): End in C:\Users\mfoganholo\Documents\GitHub\opencart52694\public\admin\controller\extension\installer.php on line 331
2016-07-12 15:15:07 - PHP Warning:  ftp_mkdir(): End in C:\Users\mfoganholo\Documents\GitHub\opencart52694\public\admin\controller\extension\installer.php on line 331
2016-07-12 15:17:29 - PHP Warning:  ftp_mkdir(): End in C:\Users\mfoganholo\Documents\GitHub\opencart52694\public\admin\controller\extension\installer.php on line 331
2016-07-12 15:17:29 - PHP Warning:  ftp_mkdir(): End in C:\Users\mfoganholo\Documents\GitHub\opencart52694\public\admin\controller\extension\installer.php on line 331
2016-07-12 15:20:10 - PHP Warning:  ftp_mkdir(): End in C:\Users\mfoganholo\Documents\GitHub\opencart52694\public\admin\controller\extension\installer.php on line 331
2016-07-12 15:20:10 - PHP Warning:  ftp_mkdir(): End in C:\Users\mfoganholo\Documents\GitHub\opencart52694\public\admin\controller\extension\installer.php on line 331
2016-07-12 15:25:15 - PHP Warning:  ftp_mkdir(): End in C:\Users\mfoganholo\Documents\GitHub\opencart52694\public\admin\controller\extension\installer.php on line 331
2016-07-12 15:25:15 - PHP Warning:  ftp_mkdir(): End in C:\Users\mfoganholo\Documents\GitHub\opencart52694\public\admin\controller\extension\installer.php on line 331
2016-07-12 15:27:00 - PHP Warning:  ftp_mkdir(): End in C:\Users\mfoganholo\Documents\GitHub\opencart52694\public\admin\controller\extension\installer.php on line 331
2016-07-12 15:27:00 - PHP Warning:  ftp_mkdir(): End in C:\Users\mfoganholo\Documents\GitHub\opencart52694\public\admin\controller\extension\installer.php on line 331
2016-07-12 15:29:27 - PHP Warning:  ftp_mkdir(): End in C:\Users\mfoganholo\Documents\GitHub\opencart52694\public\admin\controller\extension\installer.php on line 331
2016-07-12 15:29:27 - PHP Warning:  ftp_mkdir(): End in C:\Users\mfoganholo\Documents\GitHub\opencart52694\public\admin\controller\extension\installer.php on line 331
2016-07-12 15:29:51 - PHP Warning:  ftp_mkdir(): End in C:\Users\mfoganholo\Documents\GitHub\opencart52694\public\admin\controller\extension\installer.php on line 331
2016-07-12 15:29:51 - PHP Warning:  ftp_mkdir(): End in C:\Users\mfoganholo\Documents\GitHub\opencart52694\public\admin\controller\extension\installer.php on line 331
2016-07-12 15:30:12 - PHP Warning:  ftp_mkdir(): End in C:\Users\mfoganholo\Documents\GitHub\opencart52694\public\admin\controller\extension\installer.php on line 331
2016-07-12 15:30:12 - PHP Warning:  ftp_mkdir(): End in C:\Users\mfoganholo\Documents\GitHub\opencart52694\public\admin\controller\extension\installer.php on line 331
2016-07-12 15:31:24 - PHP Warning:  ftp_mkdir(): End in C:\Users\mfoganholo\Documents\GitHub\opencart52694\public\admin\controller\extension\installer.php on line 331
2016-07-12 15:31:24 - PHP Warning:  ftp_mkdir(): End in C:\Users\mfoganholo\Documents\GitHub\opencart52694\public\admin\controller\extension\installer.php on line 331
2016-07-12 15:32:31 - PHP Warning:  ftp_mkdir(): End in C:\Users\mfoganholo\Documents\GitHub\opencart52694\public\admin\controller\extension\installer.php on line 331
2016-07-12 15:32:31 - PHP Warning:  ftp_mkdir(): End in C:\Users\mfoganholo\Documents\GitHub\opencart52694\public\admin\controller\extension\installer.php on line 331
2016-07-12 15:33:13 - PHP Warning:  ftp_mkdir(): End in C:\Users\mfoganholo\Documents\GitHub\opencart52694\public\admin\controller\extension\installer.php on line 331
2016-07-12 15:33:13 - PHP Warning:  ftp_mkdir(): End in C:\Users\mfoganholo\Documents\GitHub\opencart52694\public\admin\controller\extension\installer.php on line 331
2016-07-12 15:34:14 - PHP Warning:  ftp_mkdir(): End in C:\Users\mfoganholo\Documents\GitHub\opencart52694\public\admin\controller\extension\installer.php on line 331
2016-07-12 15:34:15 - PHP Warning:  ftp_mkdir(): End in C:\Users\mfoganholo\Documents\GitHub\opencart52694\public\admin\controller\extension\installer.php on line 331
2016-07-12 15:34:36 - PHP Warning:  ftp_mkdir(): End in C:\Users\mfoganholo\Documents\GitHub\opencart52694\public\admin\controller\extension\installer.php on line 331
2016-07-12 15:34:36 - PHP Warning:  ftp_mkdir(): End in C:\Users\mfoganholo\Documents\GitHub\opencart52694\public\admin\controller\extension\installer.php on line 331
2016-07-12 15:35:12 - PHP Warning:  ftp_mkdir(): End in C:\Users\mfoganholo\Documents\GitHub\opencart52694\public\admin\controller\extension\installer.php on line 331
2016-07-12 15:35:12 - PHP Warning:  ftp_mkdir(): End in C:\Users\mfoganholo\Documents\GitHub\opencart52694\public\admin\controller\extension\installer.php on line 331
2016-07-12 15:36:12 - PHP Warning:  ftp_mkdir(): End in C:\Users\mfoganholo\Documents\GitHub\opencart52694\public\admin\controller\extension\installer.php on line 331
2016-07-12 15:36:12 - PHP Warning:  ftp_mkdir(): End in C:\Users\mfoganholo\Documents\GitHub\opencart52694\public\admin\controller\extension\installer.php on line 331
2016-07-12 15:52:05 - PHP Warning:  ftp_chdir(): End in C:\Users\mfoganholo\Documents\GitHub\opencart52694\public\admin\controller\extension\installer.php on line 299
2016-07-12 15:52:55 - PHP Warning:  ftp_chdir(): End in C:\Users\mfoganholo\Documents\GitHub\opencart52694\public\admin\controller\extension\installer.php on line 299
2016-07-12 15:53:26 - PHP Warning:  ftp_chdir(): End in C:\Users\mfoganholo\Documents\GitHub\opencart52694\public\admin\controller\extension\installer.php on line 299
2016-07-12 15:55:31 - PHP Warning:  ftp_chdir(): End in C:\Users\mfoganholo\Documents\GitHub\opencart52694\public\admin\controller\extension\installer.php on line 299
2016-07-12 15:56:35 - PHP Warning:  ftp_chdir(): End in C:\Users\mfoganholo\Documents\GitHub\opencart52694\public\admin\controller\extension\installer.php on line 299
2016-07-12 16:00:11 - PHP Warning:  ftp_chdir(): End in C:\Users\mfoganholo\Documents\GitHub\opencart52694\public\admin\controller\extension\installer.php on line 299
2016-07-12 16:03:39 - PHP Warning:  ftp_chdir(): End in C:\Users\mfoganholo\Documents\GitHub\opencart52694\public\admin\controller\extension\installer.php on line 299
2016-07-12 16:04:59 - PHP Warning:  ftp_mkdir(): End in C:\Users\mfoganholo\Documents\GitHub\opencart52694\public\admin\controller\extension\installer.php on line 331
2016-07-12 16:04:59 - PHP Warning:  ftp_mkdir(): End in C:\Users\mfoganholo\Documents\GitHub\opencart52694\public\admin\controller\extension\installer.php on line 331
2016-07-12 16:06:53 - PHP Warning:  ftp_chdir(): End in C:\Users\mfoganholo\Documents\GitHub\opencart52694\public\admin\controller\extension\installer.php on line 299
2016-07-12 16:08:01 - PHP Warning:  ftp_mkdir(): End in C:\Users\mfoganholo\Documents\GitHub\opencart52694\public\admin\controller\extension\installer.php on line 331
2016-07-12 16:08:01 - PHP Warning:  ftp_mkdir(): End in C:\Users\mfoganholo\Documents\GitHub\opencart52694\public\admin\controller\extension\installer.php on line 331
2016-07-12 16:08:38 - PHP Warning:  ftp_mkdir(): End in C:\Users\mfoganholo\Documents\GitHub\opencart52694\public\admin\controller\extension\installer.php on line 331
2016-07-12 16:08:38 - PHP Warning:  ftp_mkdir(): End in C:\Users\mfoganholo\Documents\GitHub\opencart52694\public\admin\controller\extension\installer.php on line 331
2016-07-12 16:11:25 - PHP Warning:  ftp_mkdir(): End in C:\Users\mfoganholo\Documents\GitHub\opencart52694\public\admin\controller\extension\installer.php on line 331
2016-07-12 16:11:25 - PHP Warning:  ftp_mkdir(): End in C:\Users\mfoganholo\Documents\GitHub\opencart52694\public\admin\controller\extension\installer.php on line 331
2016-07-12 16:15:16 - PHP Warning:  ftp_mkdir(): End in C:\Users\mfoganholo\Documents\GitHub\opencart52694\public\admin\controller\extension\installer.php on line 331
2016-07-12 16:15:16 - PHP Warning:  ftp_mkdir(): End in C:\Users\mfoganholo\Documents\GitHub\opencart52694\public\admin\controller\extension\installer.php on line 331
2016-07-12 16:20:22 - PHP Warning:  ftp_mkdir(): End in C:\Users\mfoganholo\Documents\GitHub\opencart52694\public\admin\controller\extension\installer.php on line 331
2016-07-12 16:20:22 - PHP Warning:  ftp_mkdir(): End in C:\Users\mfoganholo\Documents\GitHub\opencart52694\public\admin\controller\extension\installer.php on line 331
2016-07-12 16:22:40 - PHP Warning:  ftp_mkdir(): End in C:\Users\mfoganholo\Documents\GitHub\opencart52694\public\admin\controller\extension\installer.php on line 331
2016-07-12 16:22:40 - PHP Warning:  ftp_mkdir(): End in C:\Users\mfoganholo\Documents\GitHub\opencart52694\public\admin\controller\extension\installer.php on line 331
2016-07-12 16:23:53 - PHP Warning:  ftp_mkdir(): End in C:\Users\mfoganholo\Documents\GitHub\opencart52694\public\admin\controller\extension\installer.php on line 331
2016-07-12 16:23:53 - PHP Warning:  ftp_mkdir(): End in C:\Users\mfoganholo\Documents\GitHub\opencart52694\public\admin\controller\extension\installer.php on line 331
2016-07-12 16:28:22 - PHP Warning:  ftp_mkdir(): End in C:\Users\mfoganholo\Documents\GitHub\opencart52694\public\admin\controller\extension\installer.php on line 331
2016-07-12 16:28:22 - PHP Warning:  ftp_mkdir(): End in C:\Users\mfoganholo\Documents\GitHub\opencart52694\public\admin\controller\extension\installer.php on line 331
2016-07-12 16:30:21 - PHP Warning:  ftp_mkdir(): End in C:\Users\mfoganholo\Documents\GitHub\opencart52694\public\admin\controller\extension\installer.php on line 331
2016-07-12 16:30:21 - PHP Warning:  ftp_mkdir(): End in C:\Users\mfoganholo\Documents\GitHub\opencart52694\public\admin\controller\extension\installer.php on line 331
2016-07-12 16:31:00 - PHP Warning:  ftp_mkdir(): End in C:\Users\mfoganholo\Documents\GitHub\opencart52694\public\admin\controller\extension\installer.php on line 331
2016-07-12 16:31:00 - PHP Warning:  ftp_mkdir(): End in C:\Users\mfoganholo\Documents\GitHub\opencart52694\public\admin\controller\extension\installer.php on line 331
2016-07-12 16:31:44 - PHP Warning:  ftp_mkdir(): End in C:\Users\mfoganholo\Documents\GitHub\opencart52694\public\admin\controller\extension\installer.php on line 331
2016-07-12 16:31:44 - PHP Warning:  ftp_mkdir(): End in C:\Users\mfoganholo\Documents\GitHub\opencart52694\public\admin\controller\extension\installer.php on line 331
2016-07-12 16:35:30 - PHP Warning:  ftp_mkdir(): End in C:\Users\mfoganholo\Documents\GitHub\opencart52694\public\admin\controller\extension\installer.php on line 331
2016-07-12 16:35:30 - PHP Warning:  ftp_mkdir(): End in C:\Users\mfoganholo\Documents\GitHub\opencart52694\public\admin\controller\extension\installer.php on line 331
2016-07-12 16:35:58 - PHP Warning:  ftp_mkdir(): End in C:\Users\mfoganholo\Documents\GitHub\opencart52694\public\admin\controller\extension\installer.php on line 331
2016-07-12 16:35:58 - PHP Warning:  ftp_mkdir(): End in C:\Users\mfoganholo\Documents\GitHub\opencart52694\public\admin\controller\extension\installer.php on line 331
2016-07-12 16:43:13 - PHP Warning:  ftp_mkdir(): End in C:\Users\mfoganholo\Documents\GitHub\opencart52694\public\admin\controller\extension\installer.php on line 331
2016-07-12 16:43:13 - PHP Warning:  ftp_mkdir(): End in C:\Users\mfoganholo\Documents\GitHub\opencart52694\public\admin\controller\extension\installer.php on line 331
2016-07-12 16:44:22 - PHP Warning:  ftp_mkdir(): End in C:\Users\mfoganholo\Documents\GitHub\opencart52694\public\admin\controller\extension\installer.php on line 331
2016-07-12 16:44:22 - PHP Warning:  ftp_mkdir(): End in C:\Users\mfoganholo\Documents\GitHub\opencart52694\public\admin\controller\extension\installer.php on line 331
2016-07-12 17:25:23 - PHP Warning:  ftp_mkdir(): End in C:\Users\mfoganholo\Documents\GitHub\opencart52694\public\admin\controller\extension\installer.php on line 331
2016-07-12 17:25:23 - PHP Warning:  ftp_mkdir(): End in C:\Users\mfoganholo\Documents\GitHub\opencart52694\public\admin\controller\extension\installer.php on line 331
2016-07-12 17:25:54 - PHP Warning:  ftp_mkdir(): End in C:\Users\mfoganholo\Documents\GitHub\opencart52694\public\admin\controller\extension\installer.php on line 331
2016-07-12 17:25:54 - PHP Warning:  ftp_mkdir(): End in C:\Users\mfoganholo\Documents\GitHub\opencart52694\public\admin\controller\extension\installer.php on line 331
2016-07-12 17:27:37 - PHP Warning:  ftp_mkdir(): End in C:\Users\mfoganholo\Documents\GitHub\opencart52694\public\admin\controller\extension\installer.php on line 331
2016-07-12 17:27:37 - PHP Warning:  ftp_mkdir(): End in C:\Users\mfoganholo\Documents\GitHub\opencart52694\public\admin\controller\extension\installer.php on line 331
2016-07-12 17:28:40 - PHP Warning:  ftp_mkdir(): End in C:\Users\mfoganholo\Documents\GitHub\opencart52694\public\admin\controller\extension\installer.php on line 331
2016-07-12 17:28:40 - PHP Warning:  ftp_mkdir(): End in C:\Users\mfoganholo\Documents\GitHub\opencart52694\public\admin\controller\extension\installer.php on line 331
2016-07-12 17:29:12 - PHP Warning:  ftp_mkdir(): End in C:\Users\mfoganholo\Documents\GitHub\opencart52694\public\admin\controller\extension\installer.php on line 331
2016-07-12 17:29:12 - PHP Warning:  ftp_mkdir(): End in C:\Users\mfoganholo\Documents\GitHub\opencart52694\public\admin\controller\extension\installer.php on line 331
2016-07-12 17:29:55 - PHP Warning:  ftp_mkdir(): End in C:\Users\mfoganholo\Documents\GitHub\opencart52694\public\admin\controller\extension\installer.php on line 331
2016-07-12 17:29:55 - PHP Warning:  ftp_mkdir(): End in C:\Users\mfoganholo\Documents\GitHub\opencart52694\public\admin\controller\extension\installer.php on line 331
2016-07-12 17:31:30 - PHP Warning:  ftp_mkdir(): End in C:\Users\mfoganholo\Documents\GitHub\opencart52694\public\admin\controller\extension\installer.php on line 331
2016-07-12 17:31:30 - PHP Warning:  ftp_mkdir(): End in C:\Users\mfoganholo\Documents\GitHub\opencart52694\public\admin\controller\extension\installer.php on line 331
2016-07-12 17:34:17 - PHP Warning:  ftp_mkdir(): End in C:\Users\mfoganholo\Documents\GitHub\opencart52694\public\admin\controller\extension\installer.php on line 331
2016-07-12 17:34:17 - PHP Warning:  ftp_mkdir(): End in C:\Users\mfoganholo\Documents\GitHub\opencart52694\public\admin\controller\extension\installer.php on line 331
2016-07-12 17:36:41 - PHP Warning:  ftp_mkdir(): End in C:\Users\mfoganholo\Documents\GitHub\opencart52694\public\admin\controller\extension\installer.php on line 331
2016-07-12 17:36:41 - PHP Warning:  ftp_mkdir(): End in C:\Users\mfoganholo\Documents\GitHub\opencart52694\public\admin\controller\extension\installer.php on line 331
2016-07-12 17:37:38 - PHP Warning:  ftp_mkdir(): End in C:\Users\mfoganholo\Documents\GitHub\opencart52694\public\admin\controller\extension\installer.php on line 331
2016-07-12 17:37:38 - PHP Warning:  ftp_mkdir(): End in C:\Users\mfoganholo\Documents\GitHub\opencart52694\public\admin\controller\extension\installer.php on line 331
2016-07-12 17:38:48 - PHP Warning:  ftp_mkdir(): End in C:\Users\mfoganholo\Documents\GitHub\opencart52694\public\admin\controller\extension\installer.php on line 331
2016-07-12 17:38:48 - PHP Warning:  ftp_mkdir(): End in C:\Users\mfoganholo\Documents\GitHub\opencart52694\public\admin\controller\extension\installer.php on line 331
2016-07-12 17:41:26 - PHP Warning:  ftp_mkdir(): End in C:\Users\mfoganholo\Documents\GitHub\opencart52694\public\admin\controller\extension\installer.php on line 331
2016-07-12 17:41:26 - PHP Warning:  ftp_mkdir(): End in C:\Users\mfoganholo\Documents\GitHub\opencart52694\public\admin\controller\extension\installer.php on line 331
2016-07-12 17:42:17 - PHP Warning:  ftp_mkdir(): End in C:\Users\mfoganholo\Documents\GitHub\opencart52694\public\admin\controller\extension\installer.php on line 331
2016-07-12 17:42:17 - PHP Warning:  ftp_mkdir(): End in C:\Users\mfoganholo\Documents\GitHub\opencart52694\public\admin\controller\extension\installer.php on line 331
2016-07-12 17:42:17 - PHP Warning:  ftp_mkdir(): End in C:\Users\mfoganholo\Documents\GitHub\opencart52694\public\admin\controller\extension\installer.php on line 331
2016-07-12 17:42:17 - PHP Warning:  ftp_mkdir(): End in C:\Users\mfoganholo\Documents\GitHub\opencart52694\public\admin\controller\extension\installer.php on line 331
2016-07-12 17:42:17 - PHP Warning:  ftp_mkdir(): End in C:\Users\mfoganholo\Documents\GitHub\opencart52694\public\admin\controller\extension\installer.php on line 331
2016-07-12 17:42:17 - PHP Warning:  ftp_mkdir(): End in C:\Users\mfoganholo\Documents\GitHub\opencart52694\public\admin\controller\extension\installer.php on line 331
2016-07-12 17:42:17 - PHP Warning:  ftp_mkdir(): End in C:\Users\mfoganholo\Documents\GitHub\opencart52694\public\admin\controller\extension\installer.php on line 331
2016-07-12 17:42:17 - PHP Warning:  ftp_mkdir(): End in C:\Users\mfoganholo\Documents\GitHub\opencart52694\public\admin\controller\extension\installer.php on line 331
2016-07-12 17:42:17 - PHP Warning:  ftp_mkdir(): End in C:\Users\mfoganholo\Documents\GitHub\opencart52694\public\admin\controller\extension\installer.php on line 331
2016-07-12 17:42:17 - PHP Warning:  ftp_mkdir(): End in C:\Users\mfoganholo\Documents\GitHub\opencart52694\public\admin\controller\extension\installer.php on line 331
2016-07-12 17:42:17 - PHP Warning:  ftp_mkdir(): End in C:\Users\mfoganholo\Documents\GitHub\opencart52694\public\admin\controller\extension\installer.php on line 331
2016-07-12 17:42:17 - PHP Warning:  ftp_mkdir(): End in C:\Users\mfoganholo\Documents\GitHub\opencart52694\public\admin\controller\extension\installer.php on line 331
2016-07-12 17:42:17 - PHP Warning:  ftp_mkdir(): End in C:\Users\mfoganholo\Documents\GitHub\opencart52694\public\admin\controller\extension\installer.php on line 331
2016-07-12 17:42:17 - PHP Warning:  ftp_mkdir(): End in C:\Users\mfoganholo\Documents\GitHub\opencart52694\public\admin\controller\extension\installer.php on line 331
2016-07-12 17:42:17 - PHP Warning:  ftp_mkdir(): End in C:\Users\mfoganholo\Documents\GitHub\opencart52694\public\admin\controller\extension\installer.php on line 331
2016-07-12 17:42:17 - PHP Warning:  ftp_mkdir(): End in C:\Users\mfoganholo\Documents\GitHub\opencart52694\public\admin\controller\extension\installer.php on line 331
2016-07-12 17:42:17 - PHP Warning:  ftp_mkdir(): End in C:\Users\mfoganholo\Documents\GitHub\opencart52694\public\admin\controller\extension\installer.php on line 331
2016-07-12 17:42:17 - PHP Warning:  ftp_mkdir(): End in C:\Users\mfoganholo\Documents\GitHub\opencart52694\public\admin\controller\extension\installer.php on line 331
2016-07-12 17:42:17 - PHP Warning:  ftp_mkdir(): End in C:\Users\mfoganholo\Documents\GitHub\opencart52694\public\admin\controller\extension\installer.php on line 331
2016-07-12 17:42:17 - PHP Warning:  ftp_mkdir(): End in C:\Users\mfoganholo\Documents\GitHub\opencart52694\public\admin\controller\extension\installer.php on line 331
2016-07-12 17:42:17 - PHP Warning:  ftp_mkdir(): End in C:\Users\mfoganholo\Documents\GitHub\opencart52694\public\admin\controller\extension\installer.php on line 331
2016-07-12 17:42:17 - PHP Warning:  ftp_mkdir(): End in C:\Users\mfoganholo\Documents\GitHub\opencart52694\public\admin\controller\extension\installer.php on line 331
2016-07-12 17:42:17 - PHP Warning:  ftp_mkdir(): End in C:\Users\mfoganholo\Documents\GitHub\opencart52694\public\admin\controller\extension\installer.php on line 331
2016-07-12 17:42:17 - PHP Warning:  ftp_mkdir(): End in C:\Users\mfoganholo\Documents\GitHub\opencart52694\public\admin\controller\extension\installer.php on line 331
2016-07-12 17:42:17 - PHP Warning:  ftp_mkdir(): End in C:\Users\mfoganholo\Documents\GitHub\opencart52694\public\admin\controller\extension\installer.php on line 331
2016-07-12 17:42:17 - PHP Warning:  ftp_mkdir(): End in C:\Users\mfoganholo\Documents\GitHub\opencart52694\public\admin\controller\extension\installer.php on line 331
2016-07-12 17:42:17 - PHP Warning:  ftp_mkdir(): End in C:\Users\mfoganholo\Documents\GitHub\opencart52694\public\admin\controller\extension\installer.php on line 331
2016-07-12 17:42:17 - PHP Warning:  ftp_mkdir(): End in C:\Users\mfoganholo\Documents\GitHub\opencart52694\public\admin\controller\extension\installer.php on line 331
2016-07-12 17:42:17 - PHP Warning:  ftp_mkdir(): End in C:\Users\mfoganholo\Documents\GitHub\opencart52694\public\admin\controller\extension\installer.php on line 331
2016-07-12 17:42:17 - PHP Warning:  ftp_mkdir(): End in C:\Users\mfoganholo\Documents\GitHub\opencart52694\public\admin\controller\extension\installer.php on line 331
2016-07-12 17:42:17 - PHP Warning:  ftp_mkdir(): End in C:\Users\mfoganholo\Documents\GitHub\opencart52694\public\admin\controller\extension\installer.php on line 331
2016-07-12 17:42:17 - PHP Warning:  ftp_mkdir(): End in C:\Users\mfoganholo\Documents\GitHub\opencart52694\public\admin\controller\extension\installer.php on line 331
2016-07-12 17:42:17 - PHP Warning:  ftp_mkdir(): End in C:\Users\mfoganholo\Documents\GitHub\opencart52694\public\admin\controller\extension\installer.php on line 331
2016-07-12 17:42:17 - PHP Warning:  ftp_mkdir(): End in C:\Users\mfoganholo\Documents\GitHub\opencart52694\public\admin\controller\extension\installer.php on line 331
2016-07-12 17:42:17 - PHP Warning:  ftp_mkdir(): End in C:\Users\mfoganholo\Documents\GitHub\opencart52694\public\admin\controller\extension\installer.php on line 331
2016-07-12 17:42:17 - PHP Warning:  ftp_mkdir(): End in C:\Users\mfoganholo\Documents\GitHub\opencart52694\public\admin\controller\extension\installer.php on line 331
2016-07-12 17:42:17 - PHP Warning:  ftp_mkdir(): End in C:\Users\mfoganholo\Documents\GitHub\opencart52694\public\admin\controller\extension\installer.php on line 331
2016-07-12 17:42:17 - PHP Warning:  ftp_mkdir(): End in C:\Users\mfoganholo\Documents\GitHub\opencart52694\public\admin\controller\extension\installer.php on line 331
2016-07-12 17:42:17 - PHP Warning:  ftp_mkdir(): End in C:\Users\mfoganholo\Documents\GitHub\opencart52694\public\admin\controller\extension\installer.php on line 331
2016-07-12 17:43:45 - PHP Warning:  ftp_mkdir(): End in C:\Users\mfoganholo\Documents\GitHub\opencart52694\public\admin\controller\extension\installer.php on line 331
2016-07-12 17:43:45 - PHP Warning:  ftp_mkdir(): End in C:\Users\mfoganholo\Documents\GitHub\opencart52694\public\admin\controller\extension\installer.php on line 331
2016-07-12 17:43:45 - PHP Warning:  ftp_mkdir(): End in C:\Users\mfoganholo\Documents\GitHub\opencart52694\public\admin\controller\extension\installer.php on line 331
2016-07-12 17:43:45 - PHP Warning:  ftp_mkdir(): End in C:\Users\mfoganholo\Documents\GitHub\opencart52694\public\admin\controller\extension\installer.php on line 331
2016-07-12 17:43:45 - PHP Warning:  ftp_mkdir(): End in C:\Users\mfoganholo\Documents\GitHub\opencart52694\public\admin\controller\extension\installer.php on line 331
2016-07-12 17:43:45 - PHP Warning:  ftp_mkdir(): End in C:\Users\mfoganholo\Documents\GitHub\opencart52694\public\admin\controller\extension\installer.php on line 331
2016-07-12 17:43:45 - PHP Warning:  ftp_mkdir(): End in C:\Users\mfoganholo\Documents\GitHub\opencart52694\public\admin\controller\extension\installer.php on line 331
2016-07-12 17:43:45 - PHP Warning:  ftp_mkdir(): End in C:\Users\mfoganholo\Documents\GitHub\opencart52694\public\admin\controller\extension\installer.php on line 331
2016-07-12 17:43:45 - PHP Warning:  ftp_mkdir(): End in C:\Users\mfoganholo\Documents\GitHub\opencart52694\public\admin\controller\extension\installer.php on line 331
2016-07-12 17:43:45 - PHP Warning:  ftp_mkdir(): End in C:\Users\mfoganholo\Documents\GitHub\opencart52694\public\admin\controller\extension\installer.php on line 331
2016-07-12 17:43:45 - PHP Warning:  ftp_mkdir(): End in C:\Users\mfoganholo\Documents\GitHub\opencart52694\public\admin\controller\extension\installer.php on line 331
2016-07-12 17:43:45 - PHP Warning:  ftp_mkdir(): End in C:\Users\mfoganholo\Documents\GitHub\opencart52694\public\admin\controller\extension\installer.php on line 331
2016-07-12 17:43:46 - PHP Warning:  ftp_mkdir(): End in C:\Users\mfoganholo\Documents\GitHub\opencart52694\public\admin\controller\extension\installer.php on line 331
2016-07-12 17:43:46 - PHP Warning:  ftp_mkdir(): End in C:\Users\mfoganholo\Documents\GitHub\opencart52694\public\admin\controller\extension\installer.php on line 331
2016-07-12 17:43:46 - PHP Warning:  ftp_mkdir(): End in C:\Users\mfoganholo\Documents\GitHub\opencart52694\public\admin\controller\extension\installer.php on line 331
2016-07-12 17:43:46 - PHP Warning:  ftp_mkdir(): End in C:\Users\mfoganholo\Documents\GitHub\opencart52694\public\admin\controller\extension\installer.php on line 331
2016-07-12 17:43:46 - PHP Warning:  ftp_mkdir(): End in C:\Users\mfoganholo\Documents\GitHub\opencart52694\public\admin\controller\extension\installer.php on line 331
2016-07-12 17:43:46 - PHP Warning:  ftp_mkdir(): End in C:\Users\mfoganholo\Documents\GitHub\opencart52694\public\admin\controller\extension\installer.php on line 331
2016-07-12 17:43:46 - PHP Warning:  ftp_mkdir(): End in C:\Users\mfoganholo\Documents\GitHub\opencart52694\public\admin\controller\extension\installer.php on line 331
2016-07-12 17:43:46 - PHP Warning:  ftp_mkdir(): End in C:\Users\mfoganholo\Documents\GitHub\opencart52694\public\admin\controller\extension\installer.php on line 331
2016-07-12 17:43:46 - PHP Warning:  ftp_mkdir(): End in C:\Users\mfoganholo\Documents\GitHub\opencart52694\public\admin\controller\extension\installer.php on line 331
2016-07-12 17:43:46 - PHP Warning:  ftp_mkdir(): End in C:\Users\mfoganholo\Documents\GitHub\opencart52694\public\admin\controller\extension\installer.php on line 331
2016-07-12 17:43:46 - PHP Warning:  ftp_mkdir(): End in C:\Users\mfoganholo\Documents\GitHub\opencart52694\public\admin\controller\extension\installer.php on line 331
2016-07-12 17:43:46 - PHP Warning:  ftp_mkdir(): End in C:\Users\mfoganholo\Documents\GitHub\opencart52694\public\admin\controller\extension\installer.php on line 331
2016-07-12 17:43:46 - PHP Warning:  ftp_mkdir(): End in C:\Users\mfoganholo\Documents\GitHub\opencart52694\public\admin\controller\extension\installer.php on line 331
2016-07-12 17:43:46 - PHP Warning:  ftp_mkdir(): End in C:\Users\mfoganholo\Documents\GitHub\opencart52694\public\admin\controller\extension\installer.php on line 331
2016-07-12 17:43:46 - PHP Warning:  ftp_mkdir(): End in C:\Users\mfoganholo\Documents\GitHub\opencart52694\public\admin\controller\extension\installer.php on line 331
2016-07-12 17:43:46 - PHP Warning:  ftp_mkdir(): End in C:\Users\mfoganholo\Documents\GitHub\opencart52694\public\admin\controller\extension\installer.php on line 331
2016-07-12 17:43:46 - PHP Warning:  ftp_mkdir(): End in C:\Users\mfoganholo\Documents\GitHub\opencart52694\public\admin\controller\extension\installer.php on line 331
2016-07-12 17:43:46 - PHP Warning:  ftp_mkdir(): End in C:\Users\mfoganholo\Documents\GitHub\opencart52694\public\admin\controller\extension\installer.php on line 331
2016-07-12 17:43:46 - PHP Warning:  ftp_mkdir(): End in C:\Users\mfoganholo\Documents\GitHub\opencart52694\public\admin\controller\extension\installer.php on line 331
2016-07-12 17:43:46 - PHP Warning:  ftp_mkdir(): End in C:\Users\mfoganholo\Documents\GitHub\opencart52694\public\admin\controller\extension\installer.php on line 331
2016-07-12 17:43:46 - PHP Warning:  ftp_mkdir(): End in C:\Users\mfoganholo\Documents\GitHub\opencart52694\public\admin\controller\extension\installer.php on line 331
2016-07-12 17:43:46 - PHP Warning:  ftp_mkdir(): End in C:\Users\mfoganholo\Documents\GitHub\opencart52694\public\admin\controller\extension\installer.php on line 331
2016-07-12 17:43:46 - PHP Warning:  ftp_mkdir(): End in C:\Users\mfoganholo\Documents\GitHub\opencart52694\public\admin\controller\extension\installer.php on line 331
2016-07-12 17:43:46 - PHP Warning:  ftp_mkdir(): End in C:\Users\mfoganholo\Documents\GitHub\opencart52694\public\admin\controller\extension\installer.php on line 331
2016-07-12 17:43:46 - PHP Warning:  ftp_mkdir(): End in C:\Users\mfoganholo\Documents\GitHub\opencart52694\public\admin\controller\extension\installer.php on line 331
2016-07-12 17:43:46 - PHP Warning:  ftp_mkdir(): End in C:\Users\mfoganholo\Documents\GitHub\opencart52694\public\admin\controller\extension\installer.php on line 331
2016-07-12 17:43:46 - PHP Warning:  ftp_mkdir(): End in C:\Users\mfoganholo\Documents\GitHub\opencart52694\public\admin\controller\extension\installer.php on line 331
2016-07-12 19:00:26 - PHP Warning:  mail(): Failed to connect to mailserver at &quot;localhost&quot; port 25, verify your &quot;SMTP&quot; and &quot;smtp_port&quot; setting in php.ini or use ini_set() in C:\Users\mfoganholo\Documents\GitHub\opencart52694\public\system\library\mail.php on line 164
2016-07-12 19:02:46 - PHP Warning:  mail(): Failed to connect to mailserver at &quot;localhost&quot; port 25, verify your &quot;SMTP&quot; and &quot;smtp_port&quot; setting in php.ini or use ini_set() in C:\Users\mfoganholo\Documents\GitHub\opencart52694\public\system\library\mail.php on line 164
2016-07-12 19:04:36 - PHP Warning:  fsockopen():  in C:\Users\mfoganholo\Documents\GitHub\opencart52694\public\system\library\mail.php on line 169
2016-07-12 19:04:36 - PHP Notice:  Error: Nenhuma conexão pôde ser feita porque a máquina de destino as recusou ativamente.
 (10061) in C:\Users\mfoganholo\Documents\GitHub\opencart52694\public\system\library\mail.php on line 172
2016-07-12 19:18:12 - PHP Warning:  fsockopen():  in C:\Users\mfoganholo\Documents\GitHub\opencart52694\public\system\library\mail.php on line 169
2016-07-12 19:18:12 - PHP Notice:  Error: Nenhuma conexão pôde ser feita porque a máquina de destino as recusou ativamente.
 (10061) in C:\Users\mfoganholo\Documents\GitHub\opencart52694\public\system\library\mail.php on line 172
2016-07-12 19:20:57 - PHP Warning:  fsockopen():  in C:\Users\mfoganholo\Documents\GitHub\opencart52694\public\system\library\mail.php on line 169
2016-07-12 19:20:57 - PHP Notice:  Error: Nenhuma conexão pôde ser feita porque a máquina de destino as recusou ativamente.
 (10061) in C:\Users\mfoganholo\Documents\GitHub\opencart52694\public\system\library\mail.php on line 172
